<?xml version='1.1' encoding='UTF-8'?>
<result plugin="junit@1.28">
  <suites>
    <suite>
      <file>C:\Program Files (x86)\Jenkins\workspace\Example_master\Example.Test\$WORKSPACE\test\results\cueResults.xml</file>
      <name>Example.Test.dll</name>
      <duration>0.012</duration>
      <id>0</id>
      <time>0.012</time>
      <nodeId>25</nodeId>
      <enclosingBlocks>
        <string>24</string>
      </enclosingBlocks>
      <enclosingBlockNames>
        <string>Declarative: Post Actions</string>
      </enclosingBlockNames>
      <cases>
        <case>
          <duration>0.0123619</duration>
          <className>Example.Jenkins.JenkinsTest</className>
          <testName>Example.Jenkins.JenkinsTest.Raise_Base_To_Power(x: 2, y: 4, expected: 16)</testName>
          <skipped>false</skipped>
          <failedSince>0</failedSince>
        </case>
      </cases>
    </suite>
    <suite>
      <file>C:\Program Files (x86)\Jenkins\workspace\Example_master\ExampleProvider.Test\$WORKSPACE\test\results\providerResults.xml</file>
      <name>ExampleProvider.Test.dll</name>
      <duration>0.04</duration>
      <id>0</id>
      <time>0.040</time>
      <nodeId>25</nodeId>
      <enclosingBlocks>
        <string>24</string>
      </enclosingBlocks>
      <enclosingBlockNames>
        <string>Declarative: Post Actions</string>
      </enclosingBlockNames>
      <cases>
        <case>
          <duration>0.016</duration>
          <className>ExampleProvider.FormulasTest</className>
          <testName>ExampleProvider.FormulasTest.CalculateCrash_ReturnsIntuitiveValue</testName>
          <skipped>false</skipped>
          <failedSince>0</failedSince>
        </case>
        <case>
          <duration>0.001</duration>
          <className>ExampleProvider.FormulasTest</className>
          <testName>ExampleProvider.FormulasTest.CalculateCoeff_ReturnsIntuitiveValueFromAllConstants</testName>
          <skipped>false</skipped>
          <failedSince>0</failedSince>
        </case>
        <case>
          <duration>0.001</duration>
          <className>ExampleProvider.FormulasTest</className>
          <testName>ExampleProvider.FormulasTest.WeightSubCoeff_ReturnsBaseline</testName>
          <skipped>false</skipped>
          <failedSince>0</failedSince>
        </case>
        <case>
          <duration>0.001</duration>
          <className>ExampleProvider.FormulasTest</className>
          <testName>ExampleProvider.FormulasTest.WeightSubCoeff_Below150ReturnsIntuitiveValue</testName>
          <skipped>false</skipped>
          <failedSince>0</failedSince>
        </case>
        <case>
          <duration>0.001</duration>
          <className>ExampleProvider.FormulasTest</className>
          <testName>ExampleProvider.FormulasTest.CalculateCrash_ReturnsIntuitiveValueWithHighCoeff</testName>
          <skipped>false</skipped>
          <failedSince>0</failedSince>
        </case>
        <case>
          <duration>0.001</duration>
          <className>ExampleProvider.FormulasTest</className>
          <testName>ExampleProvider.FormulasTest.WeightSubCoeff_Above150ReturnsIntuitiveValue</testName>
          <skipped>false</skipped>
          <failedSince>0</failedSince>
        </case>
        <case>
          <duration>0.001</duration>
          <className>ExampleProvider.FormulasTest</className>
          <testName>ExampleProvider.FormulasTest.CalculateCrash_ReturnsMax6</testName>
          <skipped>false</skipped>
          <failedSince>0</failedSince>
        </case>
        <case>
          <duration>0.001</duration>
          <className>ExampleProvider.FormulasTest</className>
          <testName>ExampleProvider.FormulasTest.CalculateCrash_ReturnsIntuitiveValueWithLowCoeff</testName>
          <skipped>false</skipped>
          <failedSince>0</failedSince>
        </case>
        <case>
          <duration>0.001</duration>
          <className>ExampleProvider.FormulasTest</className>
          <testName>ExampleProvider.FormulasTest.CalculateCrash_ReturnsMin3</testName>
          <skipped>false</skipped>
          <failedSince>0</failedSince>
        </case>
        <case>
          <duration>0.016</duration>
          <className>ExampleProvider.Models.BeverageTest</className>
          <testName>ExampleProvider.Models.BeverageTest.Constructor_SetsOuncesAndExample</testName>
          <skipped>false</skipped>
          <failedSince>0</failedSince>
        </case>
      </cases>
    </suite>
  </suites>
  <duration>0.052</duration>
  <keepLongStdio>false</keepLongStdio>
</result>